<?xml version="1.0" encoding="UTF-8"?>
<!-- Generated by org.testng.reporters.JUnitXMLReporter -->
<testsuite hostname="SL-1155.local" failures="0" tests="6" name="Command line test" time="27.387" errors="0" timestamp="16 Sep 2019 19:33:32 GMT">
  <testcase classname="com.DemoTest.Tests.WebDemoTest" name="Login" time="19.353"/>
  <testcase classname="com.DemoTest.Tests.WebDemoTest" name="Login" time="22.196"/>
  <testcase classname="com.DemoTest.Tests.WebDemoTest" name="Login" time="23.515"/>
  <testcase classname="com.DemoTest.Tests.WebDemoTest" name="Login" time="26.209"/>
  <testcase classname="com.DemoTest.Tests.WebDemoTest" name="Login" time="26.974"/>
  <testcase classname="com.DemoTest.Tests.WebDemoTest" name="Login" time="27.002"/>
</testsuite> <!-- Command line test -->
